2024-03-11 07:22:27,204 - INFO: file_cache is only supported with oauth2client<4.0.0
2024-03-11 07:22:28,629 - INFO: 
Parent Folder ID: 0AB8439MU5HrQUk9PVA
2024-03-11 07:22:28,633 - INFO: file_cache is only supported with oauth2client<4.0.0
2024-03-11 07:22:29,969 - INFO: 
File Metadata:
2024-03-11 07:22:29,969 - INFO:   kind: drive#file
2024-03-11 07:22:29,969 - INFO:   id: 1th1Lzb86oIDq_KscrKPFLwY1I1nQyo5W
2024-03-11 07:22:29,969 - INFO:   name: 30_01_24 Vgg16.pdf
2024-03-11 07:22:29,970 - INFO:   mimeType: application/pdf
2024-03-11 07:22:29,974 - INFO: file_cache is only supported with oauth2client<4.0.0
2024-03-11 07:22:31,193 - INFO: 
Link information:
2024-03-11 07:22:31,193 - INFO:   webViewLink: https://drive.google.com/file/d/1th1Lzb86oIDq_KscrKPFLwY1I1nQyo5W/view?usp=drivesdk
2024-03-11 07:22:31,198 - INFO: file_cache is only supported with oauth2client<4.0.0
2024-03-11 07:22:33,469 - INFO: 
Size information:
2024-03-11 07:22:33,469 - INFO:   size: 624596
2024-03-11 07:22:33,473 - INFO: file_cache is only supported with oauth2client<4.0.0
2024-03-11 07:22:34,651 - INFO: 
Owner information:
2024-03-11 07:22:34,652 - INFO:   owners: [{'kind': 'drive#user', 'displayName': 'ragul magesh', 'photoLink': 'https://lh3.googleusercontent.com/a/ACg8ocKC3Wenp5DYlhoOQllh2M8y0D5iwu2c9Y13DVa7e0N5=s64', 'me': True, 'permissionId': '15734894857885533027', 'emailAddress': 'ragulmagesh2003@gmail.com'}]
2024-03-11 07:22:34,655 - INFO: file_cache is only supported with oauth2client<4.0.0
2024-03-11 07:22:35,798 - INFO: 
Sharing information:
2024-03-11 07:22:35,798 - INFO:   shared: True
2024-03-11 07:22:35,802 - INFO: file_cache is only supported with oauth2client<4.0.0
2024-03-11 07:22:36,924 - INFO: 
Parent information:
2024-03-11 07:22:36,924 - INFO:   parents:
2024-03-11 07:22:36,924 - INFO:     0AB8439MU5HrQUk9PVA
2024-03-11 07:22:36,926 - INFO: file_cache is only supported with oauth2client<4.0.0
2024-03-11 07:22:37,992 - INFO: 
Description:
2024-03-11 07:22:37,995 - INFO: file_cache is only supported with oauth2client<4.0.0
2024-03-11 07:22:40,235 - INFO: 
Image Metadata:
2024-03-11 07:22:40,239 - INFO: file_cache is only supported with oauth2client<4.0.0
2024-03-11 07:22:41,075 - INFO: 
Video Metadata:
2024-03-11 07:22:41,075 - INFO: 
Modification count: 0
2024-03-11 07:22:41,075 - INFO: Upload count: 1
2024-03-11 07:22:41,075 - INFO: Download count: 0
2024-03-11 07:22:41,075 - INFO: Collaborators count: 0
2024-03-11 07:23:17,498 - INFO: "GET /?state=sBcm6tW9aWSYRKR08RVWfaesF5ZG79&code=4/0AeaYSHDALlbDK1r-_YhMdrViifsU3-W2Qi6TEgjErCxBMSTP69JyrQoPr1oEGKM8NO09Yg&scope=https://www.googleapis.com/auth/drive.metadata.readonly HTTP/1.1" 200 65
2024-03-11 07:23:25,560 - INFO: file_cache is only supported with oauth2client<4.0.0
2024-03-11 07:23:26,625 - INFO: 
Parent Folder ID: 0AB8439MU5HrQUk9PVA
2024-03-11 07:23:26,629 - INFO: file_cache is only supported with oauth2client<4.0.0
2024-03-11 07:23:27,905 - INFO: 
File Metadata:
2024-03-11 07:23:27,905 - INFO:   kind: drive#file
2024-03-11 07:23:27,905 - INFO:   id: 1th1Lzb86oIDq_KscrKPFLwY1I1nQyo5W
2024-03-11 07:23:27,905 - INFO:   name: 30_01_24 Vgg16.pdf
2024-03-11 07:23:27,905 - INFO:   mimeType: application/pdf
2024-03-11 07:23:27,908 - INFO: file_cache is only supported with oauth2client<4.0.0
2024-03-11 07:23:29,355 - INFO: 
Link information:
2024-03-11 07:23:29,355 - INFO:   webViewLink: https://drive.google.com/file/d/1th1Lzb86oIDq_KscrKPFLwY1I1nQyo5W/view?usp=drivesdk
2024-03-11 07:23:29,358 - INFO: file_cache is only supported with oauth2client<4.0.0
2024-03-11 07:23:30,389 - INFO: 
Size information:
2024-03-11 07:23:30,389 - INFO:   size: 624596
2024-03-11 07:23:30,393 - INFO: file_cache is only supported with oauth2client<4.0.0
2024-03-11 07:23:32,632 - INFO: 
Owner information:
2024-03-11 07:23:32,632 - INFO:   owners: [{'kind': 'drive#user', 'displayName': 'ragul magesh', 'photoLink': 'https://lh3.googleusercontent.com/a/ACg8ocKC3Wenp5DYlhoOQllh2M8y0D5iwu2c9Y13DVa7e0N5=s64', 'me': True, 'permissionId': '15734894857885533027', 'emailAddress': 'ragulmagesh2003@gmail.com'}]
2024-03-11 07:23:32,636 - INFO: file_cache is only supported with oauth2client<4.0.0
2024-03-11 07:23:37,341 - INFO: 
Sharing information:
2024-03-11 07:23:37,341 - INFO:   shared: True
2024-03-11 07:23:37,346 - INFO: file_cache is only supported with oauth2client<4.0.0
2024-03-11 07:23:38,571 - INFO: 
Parent information:
2024-03-11 07:23:38,571 - INFO:   parents:
2024-03-11 07:23:38,571 - INFO:     0AB8439MU5HrQUk9PVA
2024-03-11 07:23:38,574 - INFO: file_cache is only supported with oauth2client<4.0.0
2024-03-11 07:23:39,806 - INFO: 
Description:
2024-03-11 07:23:39,809 - INFO: file_cache is only supported with oauth2client<4.0.0
2024-03-11 07:23:41,131 - INFO: 
Image Metadata:
2024-03-11 07:23:41,135 - INFO: file_cache is only supported with oauth2client<4.0.0
2024-03-11 07:23:42,361 - INFO: 
Video Metadata:
2024-03-11 07:23:42,361 - INFO: 
Modification count: 0
2024-03-11 07:23:42,361 - INFO: Upload count: 1
2024-03-11 07:23:42,361 - INFO: Download count: 0
2024-03-11 07:23:42,361 - INFO: Collaborators count: 0
2024-03-11 07:23:52,325 - INFO: file_cache is only supported with oauth2client<4.0.0
2024-03-11 07:23:54,774 - INFO: file_cache is only supported with oauth2client<4.0.0
2024-03-11 07:23:58,546 - INFO: file_cache is only supported with oauth2client<4.0.0
2024-03-11 07:23:59,977 - INFO: file_cache is only supported with oauth2client<4.0.0
2024-03-11 07:24:01,309 - INFO: file_cache is only supported with oauth2client<4.0.0
2024-03-11 07:24:02,899 - INFO: file_cache is only supported with oauth2client<4.0.0
2024-03-11 07:24:04,485 - INFO: file_cache is only supported with oauth2client<4.0.0
2024-03-11 07:24:05,683 - INFO: file_cache is only supported with oauth2client<4.0.0
2024-03-11 07:24:07,352 - INFO: file_cache is only supported with oauth2client<4.0.0
2024-03-11 07:24:10,116 - INFO: file_cache is only supported with oauth2client<4.0.0
2024-03-11 08:55:42,425 - INFO: file_cache is only supported with oauth2client<4.0.0
2024-03-11 08:55:43,494 - INFO: file_cache is only supported with oauth2client<4.0.0
2024-03-11 08:55:44,496 - INFO: file_cache is only supported with oauth2client<4.0.0
2024-03-11 08:55:45,444 - INFO: file_cache is only supported with oauth2client<4.0.0
2024-03-11 08:55:46,394 - INFO: file_cache is only supported with oauth2client<4.0.0
2024-03-11 08:55:47,321 - INFO: file_cache is only supported with oauth2client<4.0.0
2024-03-11 08:55:48,207 - INFO: file_cache is only supported with oauth2client<4.0.0
2024-03-11 08:55:49,168 - INFO: file_cache is only supported with oauth2client<4.0.0
2024-03-11 08:55:50,252 - INFO: file_cache is only supported with oauth2client<4.0.0
2024-03-11 08:55:51,338 - INFO: file_cache is only supported with oauth2client<4.0.0
2024-03-11 08:55:52,232 - INFO: 
Parent Folder ID: 0AB8439MU5HrQUk9PVA
2024-03-11 08:55:52,234 - INFO: 
File Metadata:
2024-03-11 08:55:52,234 - INFO:   kind: drive#file
2024-03-11 08:55:52,234 - INFO:   id: 1th1Lzb86oIDq_KscrKPFLwY1I1nQyo5W
2024-03-11 08:55:52,234 - INFO:   name: 30_01_24 Vgg16.pdf
2024-03-11 08:55:52,234 - INFO:   mimeType: application/pdf
2024-03-11 08:55:52,234 - INFO: 
Link information:
2024-03-11 08:55:52,235 - INFO:   webViewLink: https://drive.google.com/file/d/1th1Lzb86oIDq_KscrKPFLwY1I1nQyo5W/view?usp=drivesdk
2024-03-11 08:55:52,235 - INFO: 
Size information:
2024-03-11 08:55:52,235 - INFO:   size: 624596
2024-03-11 08:55:52,235 - INFO: 
Owner information:
2024-03-11 08:55:52,235 - INFO:   owners: [{'kind': 'drive#user', 'displayName': 'ragul magesh', 'photoLink': 'https://lh3.googleusercontent.com/a/ACg8ocKC3Wenp5DYlhoOQllh2M8y0D5iwu2c9Y13DVa7e0N5=s64', 'me': True, 'permissionId': '15734894857885533027', 'emailAddress': 'ragulmagesh2003@gmail.com'}]
2024-03-11 08:55:52,235 - INFO: 
Sharing information:
2024-03-11 08:55:52,235 - INFO:   shared: True
2024-03-11 08:55:52,235 - INFO: 
Description:
2024-03-11 08:55:52,235 - INFO: 
Image Metadata:
2024-03-11 08:55:52,235 - INFO: 
Video Metadata:
2024-03-11 08:57:11,827 - INFO: file_cache is only supported with oauth2client<4.0.0
2024-03-11 08:57:12,804 - INFO: file_cache is only supported with oauth2client<4.0.0
2024-03-11 08:57:13,801 - INFO: file_cache is only supported with oauth2client<4.0.0
2024-03-11 08:57:14,729 - INFO: file_cache is only supported with oauth2client<4.0.0
2024-03-11 08:57:15,750 - INFO: file_cache is only supported with oauth2client<4.0.0
2024-03-11 08:57:17,097 - INFO: file_cache is only supported with oauth2client<4.0.0
2024-03-11 08:57:18,078 - INFO: file_cache is only supported with oauth2client<4.0.0
2024-03-11 08:57:19,076 - INFO: file_cache is only supported with oauth2client<4.0.0
2024-03-11 08:57:20,080 - INFO: file_cache is only supported with oauth2client<4.0.0
2024-03-11 08:57:21,032 - INFO: file_cache is only supported with oauth2client<4.0.0
2024-03-11 08:57:22,288 - INFO: 
Parent Folder ID: 0AB8439MU5HrQUk9PVA
2024-03-11 08:57:22,289 - INFO: 
File Metadata:
2024-03-11 08:57:22,289 - INFO:   kind: drive#file
2024-03-11 08:57:22,289 - INFO:   id: 1th1Lzb86oIDq_KscrKPFLwY1I1nQyo5W
2024-03-11 08:57:22,289 - INFO:   name: 30_01_24 Vgg16.pdf
2024-03-11 08:57:22,289 - INFO:   mimeType: application/pdf
2024-03-11 08:57:22,290 - INFO: 
Link information:
2024-03-11 08:57:22,290 - INFO:   webViewLink: https://drive.google.com/file/d/1th1Lzb86oIDq_KscrKPFLwY1I1nQyo5W/view?usp=drivesdk
2024-03-11 08:57:22,290 - INFO: 
Size information:
2024-03-11 08:57:22,290 - INFO:   size: 624596
2024-03-11 08:57:22,290 - INFO: 
Owner information:
2024-03-11 08:57:22,290 - INFO:   owners: [{'kind': 'drive#user', 'displayName': 'ragul magesh', 'photoLink': 'https://lh3.googleusercontent.com/a/ACg8ocKC3Wenp5DYlhoOQllh2M8y0D5iwu2c9Y13DVa7e0N5=s64', 'me': True, 'permissionId': '15734894857885533027', 'emailAddress': 'ragulmagesh2003@gmail.com'}]
2024-03-11 08:57:22,290 - INFO: 
Sharing information:
2024-03-11 08:57:22,290 - INFO:   shared: True
2024-03-11 08:57:22,290 - INFO: 
Description:
2024-03-11 08:57:22,290 - INFO: 
Image Metadata:
2024-03-11 08:57:22,290 - INFO: 
Video Metadata:
2024-03-11 08:58:12,859 - INFO: file_cache is only supported with oauth2client<4.0.0
2024-03-11 08:58:13,949 - INFO: file_cache is only supported with oauth2client<4.0.0
2024-03-11 08:58:14,926 - INFO: file_cache is only supported with oauth2client<4.0.0
2024-03-11 08:58:15,941 - INFO: file_cache is only supported with oauth2client<4.0.0
2024-03-11 08:58:16,986 - INFO: file_cache is only supported with oauth2client<4.0.0
2024-03-11 08:58:18,255 - INFO: file_cache is only supported with oauth2client<4.0.0
2024-03-11 08:58:19,130 - INFO: file_cache is only supported with oauth2client<4.0.0
2024-03-11 08:58:20,085 - INFO: file_cache is only supported with oauth2client<4.0.0
2024-03-11 08:58:21,004 - INFO: file_cache is only supported with oauth2client<4.0.0
2024-03-11 08:58:21,950 - INFO: file_cache is only supported with oauth2client<4.0.0
2024-03-11 08:58:22,970 - INFO: 
Parent Folder ID: 0AB8439MU5HrQUk9PVA
2024-03-11 08:58:22,970 - INFO: 
File Metadata:
2024-03-11 08:58:22,970 - INFO:   kind: drive#file
2024-03-11 08:58:22,970 - INFO:   id: 1th1Lzb86oIDq_KscrKPFLwY1I1nQyo5W
2024-03-11 08:58:22,970 - INFO:   name: 30_01_24 Vgg16.pdf
2024-03-11 08:58:22,970 - INFO:   mimeType: application/pdf
2024-03-11 08:58:22,971 - INFO: 
Link information:
2024-03-11 08:58:22,971 - INFO:   webViewLink: https://drive.google.com/file/d/1th1Lzb86oIDq_KscrKPFLwY1I1nQyo5W/view?usp=drivesdk
2024-03-11 08:58:22,971 - INFO: 
Size information:
2024-03-11 08:58:22,971 - INFO:   size: 624596
2024-03-11 08:58:22,971 - INFO: 
Owner information:
2024-03-11 08:58:22,972 - INFO:   owners: [{'kind': 'drive#user', 'displayName': 'ragul magesh', 'photoLink': 'https://lh3.googleusercontent.com/a/ACg8ocKC3Wenp5DYlhoOQllh2M8y0D5iwu2c9Y13DVa7e0N5=s64', 'me': True, 'permissionId': '15734894857885533027', 'emailAddress': 'ragulmagesh2003@gmail.com'}]
2024-03-11 08:58:22,972 - INFO: 
Sharing information:
2024-03-11 08:58:22,972 - INFO:   shared: True
2024-03-11 08:58:22,972 - INFO: 
Description:
2024-03-11 08:58:22,972 - INFO: 
Image Metadata:
2024-03-11 08:58:22,972 - INFO: 
Video Metadata:
2024-03-11 09:10:51,297 - INFO: file_cache is only supported with oauth2client<4.0.0
2024-03-11 09:10:52,441 - INFO: file_cache is only supported with oauth2client<4.0.0
2024-03-11 09:10:53,784 - INFO: file_cache is only supported with oauth2client<4.0.0
2024-03-11 09:10:54,715 - INFO: file_cache is only supported with oauth2client<4.0.0
2024-03-11 09:10:56,052 - INFO: file_cache is only supported with oauth2client<4.0.0
2024-03-11 09:10:57,351 - INFO: file_cache is only supported with oauth2client<4.0.0
2024-03-11 09:10:58,319 - INFO: file_cache is only supported with oauth2client<4.0.0
2024-03-11 09:10:59,489 - INFO: file_cache is only supported with oauth2client<4.0.0
2024-03-11 09:11:00,441 - INFO: file_cache is only supported with oauth2client<4.0.0
2024-03-11 09:11:01,497 - INFO: file_cache is only supported with oauth2client<4.0.0
2024-03-11 09:17:06,735 - INFO: file_cache is only supported with oauth2client<4.0.0
2024-03-11 09:17:07,671 - INFO: file_cache is only supported with oauth2client<4.0.0
2024-03-11 09:17:08,606 - INFO: file_cache is only supported with oauth2client<4.0.0
2024-03-11 09:17:09,752 - INFO: file_cache is only supported with oauth2client<4.0.0
2024-03-11 09:17:10,976 - INFO: file_cache is only supported with oauth2client<4.0.0
2024-03-11 09:17:12,714 - INFO: file_cache is only supported with oauth2client<4.0.0
2024-03-11 09:17:13,743 - INFO: file_cache is only supported with oauth2client<4.0.0
2024-03-11 09:17:14,837 - INFO: file_cache is only supported with oauth2client<4.0.0
2024-03-11 09:23:20,342 - INFO: file_cache is only supported with oauth2client<4.0.0
2024-03-11 09:24:38,042 - INFO: file_cache is only supported with oauth2client<4.0.0
2024-03-11 09:24:39,114 - INFO: file_cache is only supported with oauth2client<4.0.0
2024-03-11 09:24:40,036 - INFO: file_cache is only supported with oauth2client<4.0.0
2024-03-11 09:24:41,140 - INFO: file_cache is only supported with oauth2client<4.0.0
2024-03-11 09:24:42,101 - INFO: file_cache is only supported with oauth2client<4.0.0
2024-03-11 09:24:43,060 - INFO: file_cache is only supported with oauth2client<4.0.0
2024-03-11 09:24:43,937 - INFO: file_cache is only supported with oauth2client<4.0.0
2024-03-11 09:24:44,933 - INFO: file_cache is only supported with oauth2client<4.0.0
2024-03-11 09:25:20,631 - INFO: file_cache is only supported with oauth2client<4.0.0
2024-03-11 09:25:21,725 - INFO: file_cache is only supported with oauth2client<4.0.0
2024-03-11 09:25:22,786 - INFO: file_cache is only supported with oauth2client<4.0.0
2024-03-11 09:25:23,826 - INFO: file_cache is only supported with oauth2client<4.0.0
2024-03-11 09:25:24,830 - INFO: file_cache is only supported with oauth2client<4.0.0
2024-03-11 09:25:26,546 - INFO: file_cache is only supported with oauth2client<4.0.0
2024-03-11 09:25:27,485 - INFO: file_cache is only supported with oauth2client<4.0.0
2024-03-11 09:25:28,376 - INFO: file_cache is only supported with oauth2client<4.0.0
2024-03-11 09:25:30,408 - INFO: 
Parent Folder ID: 0AB8439MU5HrQUk9PVA
2024-03-11 09:25:30,408 - INFO: 
File Metadata:
2024-03-11 09:25:30,409 - INFO:   kind: drive#file
2024-03-11 09:25:30,409 - INFO:   id: 1th1Lzb86oIDq_KscrKPFLwY1I1nQyo5W
2024-03-11 09:25:30,409 - INFO:   name: 30_01_24 Vgg16.pdf
2024-03-11 09:25:30,409 - INFO:   mimeType: application/pdf
2024-03-11 09:25:30,409 - INFO: 
Link information:
2024-03-11 09:25:30,409 - INFO:   webViewLink: https://drive.google.com/file/d/1th1Lzb86oIDq_KscrKPFLwY1I1nQyo5W/view?usp=drivesdk
2024-03-11 09:25:30,409 - INFO: 
Size information:
2024-03-11 09:25:30,410 - INFO:   size: 624596
2024-03-11 09:25:30,410 - INFO: 
Owner information:
2024-03-11 09:25:30,410 - INFO:   owners: [{'kind': 'drive#user', 'displayName': 'ragul magesh', 'photoLink': 'https://lh3.googleusercontent.com/a/ACg8ocKC3Wenp5DYlhoOQllh2M8y0D5iwu2c9Y13DVa7e0N5=s64', 'me': True, 'permissionId': '15734894857885533027', 'emailAddress': 'ragulmagesh2003@gmail.com'}]
2024-03-11 09:25:30,410 - INFO: 
Sharing information:
2024-03-11 09:25:30,410 - INFO:   shared: True
2024-03-11 09:25:30,410 - INFO: 
Description:
2024-03-11 09:25:30,410 - INFO: 
Image Metadata:
2024-03-11 09:25:41,250 - INFO: file_cache is only supported with oauth2client<4.0.0
2024-03-11 09:25:42,344 - INFO: file_cache is only supported with oauth2client<4.0.0
2024-03-11 09:25:43,278 - INFO: file_cache is only supported with oauth2client<4.0.0
2024-03-11 09:25:44,134 - INFO: file_cache is only supported with oauth2client<4.0.0
2024-03-11 09:25:45,243 - INFO: file_cache is only supported with oauth2client<4.0.0
2024-03-11 09:25:46,369 - INFO: file_cache is only supported with oauth2client<4.0.0
2024-03-11 09:25:47,314 - INFO: file_cache is only supported with oauth2client<4.0.0
2024-03-11 09:25:48,222 - INFO: file_cache is only supported with oauth2client<4.0.0
2024-03-11 09:25:49,181 - INFO: file_cache is only supported with oauth2client<4.0.0
2024-03-11 09:25:50,181 - INFO: file_cache is only supported with oauth2client<4.0.0
2024-03-11 09:25:51,262 - INFO: 
Parent Folder ID: 0AB8439MU5HrQUk9PVA
2024-03-11 09:25:51,262 - INFO: 
File Metadata:
2024-03-11 09:25:51,263 - INFO:   kind: drive#file
2024-03-11 09:25:51,263 - INFO:   id: 1th1Lzb86oIDq_KscrKPFLwY1I1nQyo5W
2024-03-11 09:25:51,263 - INFO:   name: 30_01_24 Vgg16.pdf
2024-03-11 09:25:51,263 - INFO:   mimeType: application/pdf
2024-03-11 09:25:51,263 - INFO: 
Link information:
2024-03-11 09:25:51,263 - INFO:   webViewLink: https://drive.google.com/file/d/1th1Lzb86oIDq_KscrKPFLwY1I1nQyo5W/view?usp=drivesdk
2024-03-11 09:25:51,263 - INFO: 
Size information:
2024-03-11 09:25:51,263 - INFO:   size: 624596
2024-03-11 09:25:51,263 - INFO: 
Owner information:
2024-03-11 09:25:51,263 - INFO:   owners: [{'kind': 'drive#user', 'displayName': 'ragul magesh', 'photoLink': 'https://lh3.googleusercontent.com/a/ACg8ocKC3Wenp5DYlhoOQllh2M8y0D5iwu2c9Y13DVa7e0N5=s64', 'me': True, 'permissionId': '15734894857885533027', 'emailAddress': 'ragulmagesh2003@gmail.com'}]
2024-03-11 09:25:51,263 - INFO: 
Sharing information:
2024-03-11 09:25:51,263 - INFO:   shared: True
2024-03-11 09:25:51,263 - INFO: 
Description:
2024-03-11 09:25:51,263 - INFO: 
Image Metadata:
2024-03-11 09:25:51,265 - INFO: 
Video Metadata:
2024-03-11 10:42:36,971 - INFO: "GET /?state=RPttCSjRrgoy382VLqcSzXRpEuLFqg&code=4/0AeaYSHD3YV0HzXMPYS1o2b5v0uh7ajhm2Jb09vVuLriBui8NZWHMrM2iAg3Rb8Lyec0grg&scope=https://www.googleapis.com/auth/drive.metadata.readonly HTTP/1.1" 200 65
2024-03-11 10:42:41,334 - INFO: file_cache is only supported with oauth2client<4.0.0
2024-03-11 10:42:42,667 - INFO: file_cache is only supported with oauth2client<4.0.0
2024-03-11 10:42:43,901 - INFO: file_cache is only supported with oauth2client<4.0.0
2024-03-11 10:42:44,871 - INFO: file_cache is only supported with oauth2client<4.0.0
2024-03-11 10:42:46,741 - INFO: file_cache is only supported with oauth2client<4.0.0
2024-03-11 10:42:48,123 - INFO: file_cache is only supported with oauth2client<4.0.0
2024-03-11 10:42:49,129 - INFO: file_cache is only supported with oauth2client<4.0.0
2024-03-11 10:42:50,362 - INFO: file_cache is only supported with oauth2client<4.0.0
2024-03-11 10:42:51,690 - INFO: file_cache is only supported with oauth2client<4.0.0
2024-03-11 10:42:53,635 - INFO: file_cache is only supported with oauth2client<4.0.0
2024-03-11 10:42:56,183 - INFO: file_cache is only supported with oauth2client<4.0.0
2024-03-11 10:42:56,925 - INFO: 
Parent Folder ID: 0AB8439MU5HrQUk9PVA
2024-03-11 10:42:56,925 - INFO: 
File Metadata:
2024-03-11 10:42:56,925 - INFO:   kind: drive#file
2024-03-11 10:42:56,925 - INFO:   id: 1th1Lzb86oIDq_KscrKPFLwY1I1nQyo5W
2024-03-11 10:42:56,925 - INFO:   name: 30_01_24 Vgg16.pdf
2024-03-11 10:42:56,925 - INFO:   mimeType: application/pdf
2024-03-11 10:42:56,925 - INFO: 
Link information:
2024-03-11 10:42:56,925 - INFO:   webViewLink: https://drive.google.com/file/d/1th1Lzb86oIDq_KscrKPFLwY1I1nQyo5W/view?usp=drivesdk
2024-03-11 10:42:56,925 - INFO: 
Size information:
2024-03-11 10:42:56,925 - INFO:   size: 624596
2024-03-11 10:42:56,925 - INFO: 
Owner information:
2024-03-11 10:42:56,925 - INFO:   owners: [{'kind': 'drive#user', 'displayName': 'ragul magesh', 'photoLink': 'https://lh3.googleusercontent.com/a/ACg8ocKC3Wenp5DYlhoOQllh2M8y0D5iwu2c9Y13DVa7e0N5=s64', 'me': True, 'permissionId': '15734894857885533027', 'emailAddress': 'ragulmagesh2003@gmail.com'}]
2024-03-11 10:42:56,925 - INFO: 
Sharing information:
2024-03-11 10:42:56,925 - INFO:   shared: True
2024-03-11 10:42:56,925 - INFO: 
Description:
2024-03-11 10:42:56,925 - INFO: 
Image Metadata:
2024-03-11 10:42:56,925 - INFO: 
Video Metadata:
2024-03-11 10:46:45,172 - INFO: file_cache is only supported with oauth2client<4.0.0
2024-03-11 10:46:46,775 - INFO: file_cache is only supported with oauth2client<4.0.0
2024-03-11 10:46:48,048 - INFO: file_cache is only supported with oauth2client<4.0.0
2024-03-11 10:46:49,332 - INFO: file_cache is only supported with oauth2client<4.0.0
2024-03-11 10:46:50,120 - INFO: file_cache is only supported with oauth2client<4.0.0
2024-03-11 10:46:50,912 - INFO: file_cache is only supported with oauth2client<4.0.0
2024-03-11 10:46:53,470 - INFO: file_cache is only supported with oauth2client<4.0.0
2024-03-11 10:46:54,801 - INFO: file_cache is only supported with oauth2client<4.0.0
2024-03-11 10:46:55,750 - INFO: file_cache is only supported with oauth2client<4.0.0
2024-03-11 10:46:56,497 - INFO: file_cache is only supported with oauth2client<4.0.0
2024-03-11 10:46:59,517 - INFO: file_cache is only supported with oauth2client<4.0.0
2024-03-11 10:47:00,762 - INFO: file_cache is only supported with oauth2client<4.0.0
2024-03-11 10:47:02,410 - INFO: file_cache is only supported with oauth2client<4.0.0
2024-03-11 10:47:03,811 - INFO: 
Parent Folder ID: 0AB8439MU5HrQUk9PVA
2024-03-11 10:47:03,811 - INFO: 
File Metadata:
2024-03-11 10:47:03,811 - INFO:   kind: drive#file
2024-03-11 10:47:03,811 - INFO:   id: 1th1Lzb86oIDq_KscrKPFLwY1I1nQyo5W
2024-03-11 10:47:03,811 - INFO:   name: 30_01_24 Vgg16.pdf
2024-03-11 10:47:03,812 - INFO:   mimeType: application/pdf
2024-03-11 10:47:03,812 - INFO: 
Link information:
2024-03-11 10:47:03,812 - INFO:   webViewLink: https://drive.google.com/file/d/1th1Lzb86oIDq_KscrKPFLwY1I1nQyo5W/view?usp=drivesdk
2024-03-11 10:47:03,812 - INFO: 
Size information:
2024-03-11 10:47:03,812 - INFO:   size: 624596
2024-03-11 10:47:03,812 - INFO: 
Owner information:
2024-03-11 10:47:03,812 - INFO:   owners: [{'kind': 'drive#user', 'displayName': 'ragul magesh', 'photoLink': 'https://lh3.googleusercontent.com/a/ACg8ocKC3Wenp5DYlhoOQllh2M8y0D5iwu2c9Y13DVa7e0N5=s64', 'me': True, 'permissionId': '15734894857885533027', 'emailAddress': 'ragulmagesh2003@gmail.com'}]
2024-03-11 10:47:03,812 - INFO: 
Sharing information:
2024-03-11 10:47:03,812 - INFO:   shared: True
2024-03-11 10:47:03,812 - INFO: 
Description:
2024-03-11 10:47:03,812 - INFO: 
Image Metadata:
2024-03-11 10:47:03,813 - INFO: 
Video Metadata:
2024-03-11 10:49:52,300 - INFO: file_cache is only supported with oauth2client<4.0.0
2024-03-11 10:49:53,729 - INFO: file_cache is only supported with oauth2client<4.0.0
2024-03-11 10:49:54,477 - INFO: file_cache is only supported with oauth2client<4.0.0
2024-03-11 10:49:55,703 - INFO: file_cache is only supported with oauth2client<4.0.0
2024-03-11 10:49:56,579 - INFO: file_cache is only supported with oauth2client<4.0.0
2024-03-11 10:49:57,814 - INFO: file_cache is only supported with oauth2client<4.0.0
2024-03-11 10:49:58,860 - INFO: file_cache is only supported with oauth2client<4.0.0
2024-03-11 10:49:59,739 - INFO: file_cache is only supported with oauth2client<4.0.0
2024-03-11 10:50:47,954 - INFO: file_cache is only supported with oauth2client<4.0.0
2024-03-11 10:50:49,241 - INFO: file_cache is only supported with oauth2client<4.0.0
2024-03-11 10:50:50,650 - INFO: file_cache is only supported with oauth2client<4.0.0
2024-03-11 10:50:51,396 - INFO: file_cache is only supported with oauth2client<4.0.0
2024-03-11 10:50:56,808 - INFO: file_cache is only supported with oauth2client<4.0.0
2024-03-11 10:51:00,088 - INFO: file_cache is only supported with oauth2client<4.0.0
2024-03-11 10:51:01,364 - INFO: file_cache is only supported with oauth2client<4.0.0
2024-03-11 10:51:02,374 - INFO: file_cache is only supported with oauth2client<4.0.0
2024-03-11 10:51:18,979 - INFO: file_cache is only supported with oauth2client<4.0.0
2024-03-11 10:51:40,890 - INFO: file_cache is only supported with oauth2client<4.0.0
2024-03-11 10:51:45,553 - INFO: file_cache is only supported with oauth2client<4.0.0
2024-03-11 10:51:46,648 - INFO: file_cache is only supported with oauth2client<4.0.0
2024-03-11 10:51:50,374 - INFO: file_cache is only supported with oauth2client<4.0.0
2024-03-11 10:51:51,084 - INFO: file_cache is only supported with oauth2client<4.0.0
2024-03-11 10:51:55,766 - INFO: file_cache is only supported with oauth2client<4.0.0
2024-03-11 10:51:57,159 - INFO: file_cache is only supported with oauth2client<4.0.0
2024-03-11 10:51:58,160 - INFO: file_cache is only supported with oauth2client<4.0.0
2024-03-11 10:51:59,317 - INFO: file_cache is only supported with oauth2client<4.0.0
2024-03-11 10:52:00,583 - INFO: file_cache is only supported with oauth2client<4.0.0
2024-03-11 10:52:01,974 - INFO: file_cache is only supported with oauth2client<4.0.0
2024-03-11 10:52:03,642 - INFO: file_cache is only supported with oauth2client<4.0.0
2024-03-11 10:52:05,220 - INFO: file_cache is only supported with oauth2client<4.0.0
2024-03-11 10:52:09,105 - INFO: 
Parent Folder ID: 0AB8439MU5HrQUk9PVA
2024-03-11 10:52:09,106 - INFO: 
File Metadata:
2024-03-11 10:52:09,106 - INFO:   kind: drive#file
2024-03-11 10:52:09,106 - INFO:   id: 1th1Lzb86oIDq_KscrKPFLwY1I1nQyo5W
2024-03-11 10:52:09,106 - INFO:   name: 30_01_24 Vgg16.pdf
2024-03-11 10:52:09,106 - INFO:   mimeType: application/pdf
2024-03-11 10:52:09,106 - INFO: 
Link information:
2024-03-11 10:52:09,106 - INFO:   webViewLink: https://drive.google.com/file/d/1th1Lzb86oIDq_KscrKPFLwY1I1nQyo5W/view?usp=drivesdk
2024-03-11 10:52:09,106 - INFO: 
Size information:
2024-03-11 10:52:09,106 - INFO:   size: 624596
2024-03-11 10:52:09,106 - INFO: 
Owner information:
2024-03-11 10:52:09,106 - INFO:   owners: [{'kind': 'drive#user', 'displayName': 'ragul magesh', 'photoLink': 'https://lh3.googleusercontent.com/a/ACg8ocKC3Wenp5DYlhoOQllh2M8y0D5iwu2c9Y13DVa7e0N5=s64', 'me': True, 'permissionId': '15734894857885533027', 'emailAddress': 'ragulmagesh2003@gmail.com'}]
2024-03-11 10:52:09,106 - INFO: 
Sharing information:
2024-03-11 10:52:09,107 - INFO:   shared: True
2024-03-11 10:52:09,107 - INFO: 
Description:
2024-03-11 10:52:09,107 - INFO: 
Image Metadata:
2024-03-11 10:52:09,107 - INFO: 
Video Metadata:
2024-03-11 10:52:51,906 - INFO: file_cache is only supported with oauth2client<4.0.0
2024-03-11 10:53:00,486 - INFO: file_cache is only supported with oauth2client<4.0.0
2024-03-11 10:53:05,187 - INFO: file_cache is only supported with oauth2client<4.0.0
2024-03-11 10:53:11,494 - INFO: file_cache is only supported with oauth2client<4.0.0
2024-03-11 10:53:18,568 - INFO: file_cache is only supported with oauth2client<4.0.0
2024-03-11 10:53:25,029 - INFO: file_cache is only supported with oauth2client<4.0.0
2024-03-11 10:53:26,434 - INFO: file_cache is only supported with oauth2client<4.0.0
2024-03-11 10:53:31,516 - INFO: file_cache is only supported with oauth2client<4.0.0
2024-03-11 10:53:36,871 - INFO: file_cache is only supported with oauth2client<4.0.0
2024-03-11 10:53:41,520 - INFO: file_cache is only supported with oauth2client<4.0.0
2024-03-11 10:53:52,934 - INFO: file_cache is only supported with oauth2client<4.0.0
2024-03-11 10:54:05,042 - INFO: file_cache is only supported with oauth2client<4.0.0
2024-03-11 10:54:09,654 - INFO: file_cache is only supported with oauth2client<4.0.0
2024-03-11 10:54:10,567 - INFO: 
Parent Folder ID: 0AB8439MU5HrQUk9PVA
2024-03-11 10:54:10,567 - INFO: 
File Metadata:
2024-03-11 10:54:10,567 - INFO:   kind: drive#file
2024-03-11 10:54:10,567 - INFO:   id: 1th1Lzb86oIDq_KscrKPFLwY1I1nQyo5W
2024-03-11 10:54:10,568 - INFO:   name: 30_01_24 Vgg16.pdf
2024-03-11 10:54:10,568 - INFO:   mimeType: application/pdf
2024-03-11 10:54:10,568 - INFO: 
Link information:
2024-03-11 10:54:10,568 - INFO:   webViewLink: https://drive.google.com/file/d/1th1Lzb86oIDq_KscrKPFLwY1I1nQyo5W/view?usp=drivesdk
2024-03-11 10:54:10,568 - INFO: 
Size information:
2024-03-11 10:54:10,568 - INFO:   size: 624596
2024-03-11 10:54:10,568 - INFO: 
Owner information:
2024-03-11 10:54:10,568 - INFO:   owners: [{'kind': 'drive#user', 'displayName': 'ragul magesh', 'photoLink': 'https://lh3.googleusercontent.com/a/ACg8ocKC3Wenp5DYlhoOQllh2M8y0D5iwu2c9Y13DVa7e0N5=s64', 'me': True, 'permissionId': '15734894857885533027', 'emailAddress': 'ragulmagesh2003@gmail.com'}]
2024-03-11 10:54:10,568 - INFO: 
Sharing information:
2024-03-11 10:54:10,568 - INFO:   shared: True
2024-03-11 10:54:10,568 - INFO: 
Description:
2024-03-11 10:54:10,568 - INFO: 
Image Metadata:
2024-03-11 10:54:10,568 - INFO: 
Video Metadata:
2024-03-11 10:58:59,727 - INFO: file_cache is only supported with oauth2client<4.0.0
2024-03-11 10:59:03,146 - INFO: file_cache is only supported with oauth2client<4.0.0
2024-03-11 10:59:04,380 - INFO: file_cache is only supported with oauth2client<4.0.0
2024-03-11 10:59:06,220 - INFO: file_cache is only supported with oauth2client<4.0.0
2024-03-11 10:59:07,416 - INFO: file_cache is only supported with oauth2client<4.0.0
2024-03-11 10:59:08,263 - INFO: file_cache is only supported with oauth2client<4.0.0
2024-03-11 10:59:09,765 - INFO: file_cache is only supported with oauth2client<4.0.0
2024-03-11 10:59:10,718 - INFO: file_cache is only supported with oauth2client<4.0.0
2024-03-11 10:59:12,243 - INFO: file_cache is only supported with oauth2client<4.0.0
2024-03-11 10:59:13,137 - INFO: file_cache is only supported with oauth2client<4.0.0
2024-03-11 10:59:13,956 - INFO: file_cache is only supported with oauth2client<4.0.0
2024-03-11 10:59:15,289 - INFO: file_cache is only supported with oauth2client<4.0.0
2024-03-11 10:59:16,049 - INFO: file_cache is only supported with oauth2client<4.0.0
2024-03-11 10:59:17,601 - INFO: 
Parent Folder ID: 0AB8439MU5HrQUk9PVA
2024-03-11 10:59:17,601 - INFO: 
File Metadata:
2024-03-11 10:59:17,602 - INFO:   kind: drive#file
2024-03-11 10:59:17,602 - INFO:   id: 1th1Lzb86oIDq_KscrKPFLwY1I1nQyo5W
2024-03-11 10:59:17,602 - INFO:   name: 30_01_24 Vgg16.pdf
2024-03-11 10:59:17,602 - INFO:   mimeType: application/pdf
2024-03-11 10:59:17,602 - INFO: 
Link information:
2024-03-11 10:59:17,602 - INFO:   webViewLink: https://drive.google.com/file/d/1th1Lzb86oIDq_KscrKPFLwY1I1nQyo5W/view?usp=drivesdk
2024-03-11 10:59:17,602 - INFO: 
Size information:
2024-03-11 10:59:17,602 - INFO:   size: 624596
2024-03-11 10:59:17,602 - INFO: 
Owner information:
2024-03-11 10:59:17,603 - INFO:   owners: [{'kind': 'drive#user', 'displayName': 'ragul magesh', 'photoLink': 'https://lh3.googleusercontent.com/a/ACg8ocKC3Wenp5DYlhoOQllh2M8y0D5iwu2c9Y13DVa7e0N5=s64', 'me': True, 'permissionId': '15734894857885533027', 'emailAddress': 'ragulmagesh2003@gmail.com'}]
2024-03-11 10:59:17,603 - INFO: 
Sharing information:
2024-03-11 10:59:17,603 - INFO:   shared: True
2024-03-11 10:59:17,603 - INFO: 
Description:
2024-03-11 10:59:17,603 - INFO: 
Image Metadata:
2024-03-11 10:59:17,603 - INFO: 
Video Metadata:
2024-03-11 11:03:45,649 - INFO: file_cache is only supported with oauth2client<4.0.0
2024-03-11 11:03:47,230 - INFO: file_cache is only supported with oauth2client<4.0.0
2024-03-11 11:03:47,984 - INFO: file_cache is only supported with oauth2client<4.0.0
2024-03-11 11:03:49,005 - INFO: file_cache is only supported with oauth2client<4.0.0
2024-03-11 11:03:49,930 - INFO: file_cache is only supported with oauth2client<4.0.0
2024-03-11 11:03:51,238 - INFO: file_cache is only supported with oauth2client<4.0.0
2024-03-11 11:03:53,531 - INFO: file_cache is only supported with oauth2client<4.0.0
2024-03-11 11:03:54,839 - INFO: file_cache is only supported with oauth2client<4.0.0
2024-03-11 11:03:55,568 - INFO: file_cache is only supported with oauth2client<4.0.0
2024-03-11 11:03:57,472 - INFO: file_cache is only supported with oauth2client<4.0.0
2024-03-11 11:04:02,429 - INFO: file_cache is only supported with oauth2client<4.0.0
2024-03-11 11:04:03,454 - INFO: file_cache is only supported with oauth2client<4.0.0
2024-03-11 11:04:07,951 - INFO: file_cache is only supported with oauth2client<4.0.0
2024-03-11 11:04:08,908 - INFO: 
Parent Folder ID: 0AB8439MU5HrQUk9PVA
2024-03-11 11:04:08,909 - INFO: 
File Metadata:
2024-03-11 11:04:08,909 - INFO:   kind: drive#file
2024-03-11 11:04:08,909 - INFO:   id: 1th1Lzb86oIDq_KscrKPFLwY1I1nQyo5W
2024-03-11 11:04:08,909 - INFO:   name: 30_01_24 Vgg16.pdf
2024-03-11 11:04:08,909 - INFO:   mimeType: application/pdf
2024-03-11 11:04:08,909 - INFO: 
Link information:
2024-03-11 11:04:08,909 - INFO:   webViewLink: https://drive.google.com/file/d/1th1Lzb86oIDq_KscrKPFLwY1I1nQyo5W/view?usp=drivesdk
2024-03-11 11:04:08,909 - INFO: 
Size information:
2024-03-11 11:04:08,909 - INFO:   size: 624596
2024-03-11 11:04:08,909 - INFO: 
Owner information:
2024-03-11 11:04:08,909 - INFO:   owners: [{'kind': 'drive#user', 'displayName': 'ragul magesh', 'photoLink': 'https://lh3.googleusercontent.com/a/ACg8ocKC3Wenp5DYlhoOQllh2M8y0D5iwu2c9Y13DVa7e0N5=s64', 'me': True, 'permissionId': '15734894857885533027', 'emailAddress': 'ragulmagesh2003@gmail.com'}]
2024-03-11 11:04:08,909 - INFO: 
Sharing information:
2024-03-11 11:04:08,909 - INFO:   shared: True
2024-03-11 11:04:08,909 - INFO: 
Description:
2024-03-11 11:04:08,909 - INFO: 
Image Metadata:
2024-03-11 11:04:08,911 - INFO: 
Video Metadata:
2024-03-11 11:07:53,523 - INFO: file_cache is only supported with oauth2client<4.0.0
2024-03-11 11:07:56,700 - INFO: file_cache is only supported with oauth2client<4.0.0
2024-03-11 11:08:00,570 - INFO: file_cache is only supported with oauth2client<4.0.0
2024-03-11 11:08:01,753 - INFO: file_cache is only supported with oauth2client<4.0.0
2024-03-11 11:08:04,518 - INFO: file_cache is only supported with oauth2client<4.0.0
2024-03-11 11:08:05,980 - INFO: file_cache is only supported with oauth2client<4.0.0
2024-03-11 11:08:06,888 - INFO: file_cache is only supported with oauth2client<4.0.0
2024-03-11 11:08:08,195 - INFO: file_cache is only supported with oauth2client<4.0.0
2024-03-11 11:08:10,325 - INFO: file_cache is only supported with oauth2client<4.0.0
2024-03-11 11:08:11,528 - INFO: file_cache is only supported with oauth2client<4.0.0
2024-03-11 11:08:12,837 - INFO: file_cache is only supported with oauth2client<4.0.0
2024-03-11 11:08:13,908 - INFO: file_cache is only supported with oauth2client<4.0.0
2024-03-11 11:08:14,614 - INFO: file_cache is only supported with oauth2client<4.0.0
2024-03-11 11:08:15,851 - INFO: 
Parent Folder ID: 0AB8439MU5HrQUk9PVA
2024-03-11 11:08:15,851 - INFO: 
File Metadata:
2024-03-11 11:08:15,851 - INFO:   kind: drive#file
2024-03-11 11:08:15,851 - INFO:   id: 1th1Lzb86oIDq_KscrKPFLwY1I1nQyo5W
2024-03-11 11:08:15,851 - INFO:   name: 30_01_24 Vgg16.pdf
2024-03-11 11:08:15,851 - INFO:   mimeType: application/pdf
2024-03-11 11:08:15,851 - INFO: 
Link information:
2024-03-11 11:08:15,851 - INFO:   webViewLink: https://drive.google.com/file/d/1th1Lzb86oIDq_KscrKPFLwY1I1nQyo5W/view?usp=drivesdk
2024-03-11 11:08:15,851 - INFO: 
Size information:
2024-03-11 11:08:15,852 - INFO:   size: 624596
2024-03-11 11:08:15,852 - INFO: 
Owner information:
2024-03-11 11:08:15,852 - INFO:   owners: [{'kind': 'drive#user', 'displayName': 'ragul magesh', 'photoLink': 'https://lh3.googleusercontent.com/a/ACg8ocKC3Wenp5DYlhoOQllh2M8y0D5iwu2c9Y13DVa7e0N5=s64', 'me': True, 'permissionId': '15734894857885533027', 'emailAddress': 'ragulmagesh2003@gmail.com'}]
2024-03-11 11:08:15,852 - INFO: 
Sharing information:
2024-03-11 11:08:15,852 - INFO:   shared: True
2024-03-11 11:08:15,852 - INFO: 
Description:
2024-03-11 11:08:15,852 - INFO: 
Image Metadata:
2024-03-11 11:08:15,852 - INFO: 
Video Metadata:
2024-03-11 11:10:03,828 - INFO: file_cache is only supported with oauth2client<4.0.0
2024-03-11 11:10:05,173 - INFO: file_cache is only supported with oauth2client<4.0.0
2024-03-11 11:10:07,187 - INFO: file_cache is only supported with oauth2client<4.0.0
2024-03-11 11:10:08,247 - INFO: file_cache is only supported with oauth2client<4.0.0
2024-03-11 11:10:09,807 - INFO: file_cache is only supported with oauth2client<4.0.0
2024-03-11 11:10:13,275 - INFO: file_cache is only supported with oauth2client<4.0.0
2024-03-11 11:10:14,236 - INFO: file_cache is only supported with oauth2client<4.0.0
2024-03-11 11:10:15,618 - INFO: file_cache is only supported with oauth2client<4.0.0
2024-03-11 11:10:17,207 - INFO: file_cache is only supported with oauth2client<4.0.0
2024-03-11 11:10:18,853 - INFO: file_cache is only supported with oauth2client<4.0.0
2024-03-11 11:10:20,204 - INFO: file_cache is only supported with oauth2client<4.0.0
2024-03-11 11:10:20,996 - INFO: file_cache is only supported with oauth2client<4.0.0
2024-03-11 11:10:21,731 - INFO: file_cache is only supported with oauth2client<4.0.0
2024-03-11 11:10:22,897 - INFO: 
Parent Folder ID: 0AB8439MU5HrQUk9PVA
2024-03-11 11:10:22,897 - INFO: 
File Metadata:
2024-03-11 11:10:22,897 - INFO:   kind: drive#file
2024-03-11 11:10:22,897 - INFO:   id: 1th1Lzb86oIDq_KscrKPFLwY1I1nQyo5W
2024-03-11 11:10:22,898 - INFO:   name: 30_01_24 Vgg16.pdf
2024-03-11 11:10:22,898 - INFO:   mimeType: application/pdf
2024-03-11 11:10:22,898 - INFO: 
Link information:
2024-03-11 11:10:22,898 - INFO:   webViewLink: https://drive.google.com/file/d/1th1Lzb86oIDq_KscrKPFLwY1I1nQyo5W/view?usp=drivesdk
2024-03-11 11:10:22,898 - INFO: 
Size information:
2024-03-11 11:10:22,898 - INFO:   size: 624596
2024-03-11 11:10:22,898 - INFO: 
Owner information:
2024-03-11 11:10:22,898 - INFO:   owners: [{'kind': 'drive#user', 'displayName': 'ragul magesh', 'photoLink': 'https://lh3.googleusercontent.com/a/ACg8ocKC3Wenp5DYlhoOQllh2M8y0D5iwu2c9Y13DVa7e0N5=s64', 'me': True, 'permissionId': '15734894857885533027', 'emailAddress': 'ragulmagesh2003@gmail.com'}]
2024-03-11 11:10:22,900 - INFO: 
Sharing information:
2024-03-11 11:10:22,900 - INFO:   shared: True
2024-03-11 11:10:22,900 - INFO: 
Description:
2024-03-11 11:10:22,900 - INFO: 
Image Metadata:
2024-03-11 11:10:22,900 - INFO: 
Video Metadata:
2024-03-11 11:13:56,433 - INFO: file_cache is only supported with oauth2client<4.0.0
2024-03-11 11:13:57,637 - INFO: file_cache is only supported with oauth2client<4.0.0
2024-03-11 11:14:00,217 - INFO: file_cache is only supported with oauth2client<4.0.0
2024-03-11 11:14:02,979 - INFO: file_cache is only supported with oauth2client<4.0.0
2024-03-11 11:14:04,802 - INFO: file_cache is only supported with oauth2client<4.0.0
2024-03-11 11:14:05,784 - INFO: file_cache is only supported with oauth2client<4.0.0
2024-03-11 11:14:06,556 - INFO: file_cache is only supported with oauth2client<4.0.0
2024-03-11 11:14:10,607 - INFO: file_cache is only supported with oauth2client<4.0.0
2024-03-11 11:14:11,556 - INFO: file_cache is only supported with oauth2client<4.0.0
2024-03-11 11:14:14,838 - INFO: file_cache is only supported with oauth2client<4.0.0
2024-03-11 11:14:16,281 - INFO: file_cache is only supported with oauth2client<4.0.0
2024-03-11 11:14:21,158 - INFO: file_cache is only supported with oauth2client<4.0.0
2024-03-11 11:14:23,189 - INFO: file_cache is only supported with oauth2client<4.0.0
2024-03-11 11:14:23,998 - INFO: 
Parent Folder ID: 0AB8439MU5HrQUk9PVA
2024-03-11 11:14:23,998 - INFO: 
File Metadata:
2024-03-11 11:14:23,999 - INFO:   kind: drive#file
2024-03-11 11:14:23,999 - INFO:   id: 1th1Lzb86oIDq_KscrKPFLwY1I1nQyo5W
2024-03-11 11:14:23,999 - INFO:   name: 30_01_24 Vgg16.pdf
2024-03-11 11:14:23,999 - INFO:   mimeType: application/pdf
2024-03-11 11:14:23,999 - INFO: 
Link information:
2024-03-11 11:14:23,999 - INFO:   webViewLink: https://drive.google.com/file/d/1th1Lzb86oIDq_KscrKPFLwY1I1nQyo5W/view?usp=drivesdk
2024-03-11 11:14:23,999 - INFO: 
Size information:
2024-03-11 11:14:23,999 - INFO:   size: 624596
2024-03-11 11:14:23,999 - INFO: 
Owner information:
2024-03-11 11:14:23,999 - INFO:   owners: [{'kind': 'drive#user', 'displayName': 'ragul magesh', 'photoLink': 'https://lh3.googleusercontent.com/a/ACg8ocKC3Wenp5DYlhoOQllh2M8y0D5iwu2c9Y13DVa7e0N5=s64', 'me': True, 'permissionId': '15734894857885533027', 'emailAddress': 'ragulmagesh2003@gmail.com'}]
2024-03-11 11:14:23,999 - INFO: 
Sharing information:
2024-03-11 11:14:23,999 - INFO:   shared: True
2024-03-11 11:14:23,999 - INFO: 
Description:
2024-03-11 11:14:23,999 - INFO: 
Image Metadata:
2024-03-11 11:14:23,999 - INFO: 
Video Metadata:
2024-03-11 11:15:09,283 - INFO: file_cache is only supported with oauth2client<4.0.0
2024-03-11 11:15:10,143 - INFO: file_cache is only supported with oauth2client<4.0.0
2024-03-11 11:15:10,875 - INFO: file_cache is only supported with oauth2client<4.0.0
2024-03-11 11:15:11,772 - INFO: file_cache is only supported with oauth2client<4.0.0
2024-03-11 11:15:13,523 - INFO: file_cache is only supported with oauth2client<4.0.0
2024-03-11 11:15:14,523 - INFO: file_cache is only supported with oauth2client<4.0.0
2024-03-11 11:15:16,419 - INFO: file_cache is only supported with oauth2client<4.0.0
2024-03-11 11:15:18,167 - INFO: file_cache is only supported with oauth2client<4.0.0
2024-03-11 11:15:18,932 - INFO: file_cache is only supported with oauth2client<4.0.0
2024-03-11 11:15:21,104 - INFO: file_cache is only supported with oauth2client<4.0.0
2024-03-11 11:15:22,391 - INFO: file_cache is only supported with oauth2client<4.0.0
2024-03-11 11:15:23,115 - INFO: file_cache is only supported with oauth2client<4.0.0
2024-03-11 11:15:23,860 - INFO: file_cache is only supported with oauth2client<4.0.0
2024-03-11 11:15:24,817 - INFO: 
Parent Folder ID: 0AB8439MU5HrQUk9PVA
2024-03-11 11:15:24,817 - INFO: 
File Metadata:
2024-03-11 11:15:24,817 - INFO:   kind: drive#file
2024-03-11 11:15:24,817 - INFO:   id: 1th1Lzb86oIDq_KscrKPFLwY1I1nQyo5W
2024-03-11 11:15:24,817 - INFO:   name: 30_01_24 Vgg16.pdf
2024-03-11 11:15:24,818 - INFO:   mimeType: application/pdf
2024-03-11 11:15:24,818 - INFO: 
Link information:
2024-03-11 11:15:24,818 - INFO:   webViewLink: https://drive.google.com/file/d/1th1Lzb86oIDq_KscrKPFLwY1I1nQyo5W/view?usp=drivesdk
2024-03-11 11:15:24,818 - INFO: 
Size information:
2024-03-11 11:15:24,818 - INFO:   size: 624596
2024-03-11 11:15:24,818 - INFO: 
Owner information:
2024-03-11 11:15:24,818 - INFO:   owners: [{'kind': 'drive#user', 'displayName': 'ragul magesh', 'photoLink': 'https://lh3.googleusercontent.com/a/ACg8ocKC3Wenp5DYlhoOQllh2M8y0D5iwu2c9Y13DVa7e0N5=s64', 'me': True, 'permissionId': '15734894857885533027', 'emailAddress': 'ragulmagesh2003@gmail.com'}]
2024-03-11 11:15:24,818 - INFO: 
Sharing information:
2024-03-11 11:15:24,818 - INFO:   shared: True
2024-03-11 11:15:24,818 - INFO: 
Description:
2024-03-11 11:15:24,818 - INFO: 
Image Metadata:
2024-03-11 11:15:24,818 - INFO: 
Video Metadata:
2024-03-11 11:18:01,110 - INFO: file_cache is only supported with oauth2client<4.0.0
2024-03-11 11:18:01,982 - INFO: file_cache is only supported with oauth2client<4.0.0
2024-03-11 11:18:02,994 - INFO: file_cache is only supported with oauth2client<4.0.0
2024-03-11 11:18:05,976 - INFO: file_cache is only supported with oauth2client<4.0.0
2024-03-11 11:18:06,707 - INFO: file_cache is only supported with oauth2client<4.0.0
2024-03-11 11:18:07,494 - INFO: file_cache is only supported with oauth2client<4.0.0
2024-03-11 11:18:08,698 - INFO: file_cache is only supported with oauth2client<4.0.0
2024-03-11 11:18:09,851 - INFO: file_cache is only supported with oauth2client<4.0.0
2024-03-11 11:18:10,934 - INFO: file_cache is only supported with oauth2client<4.0.0
2024-03-11 11:18:11,627 - INFO: file_cache is only supported with oauth2client<4.0.0
2024-03-11 11:18:12,529 - INFO: file_cache is only supported with oauth2client<4.0.0
2024-03-11 11:18:14,477 - INFO: file_cache is only supported with oauth2client<4.0.0
2024-03-11 11:18:15,417 - INFO: file_cache is only supported with oauth2client<4.0.0
2024-03-11 11:18:17,672 - INFO: 
Parent Folder ID: 0AB8439MU5HrQUk9PVA
2024-03-11 11:18:17,673 - INFO: 
File Metadata:
2024-03-11 11:18:17,673 - INFO:   kind: drive#file
2024-03-11 11:18:17,673 - INFO:   id: 1yHJ5JmZ7NgWXCnklBd-KacHFNKc_Q8rs
2024-03-11 11:18:17,673 - INFO:   name: download.jpeg
2024-03-11 11:18:17,673 - INFO:   mimeType: image/jpeg
2024-03-11 11:18:17,673 - INFO: 
Link information:
2024-03-11 11:18:17,673 - INFO:   webViewLink: https://drive.google.com/file/d/1yHJ5JmZ7NgWXCnklBd-KacHFNKc_Q8rs/view?usp=drivesdk
2024-03-11 11:18:17,673 - INFO: 
Size information:
2024-03-11 11:18:17,674 - INFO:   size: 6296
2024-03-11 11:18:17,674 - INFO: 
Owner information:
2024-03-11 11:18:17,674 - INFO:   owners: [{'kind': 'drive#user', 'displayName': 'ragul magesh', 'photoLink': 'https://lh3.googleusercontent.com/a/ACg8ocKC3Wenp5DYlhoOQllh2M8y0D5iwu2c9Y13DVa7e0N5=s64', 'me': True, 'permissionId': '15734894857885533027', 'emailAddress': 'ragulmagesh2003@gmail.com'}]
2024-03-11 11:18:17,674 - INFO: 
Sharing information:
2024-03-11 11:18:17,674 - INFO:   shared: False
2024-03-11 11:18:17,674 - INFO: 
Description:
2024-03-11 11:18:17,674 - INFO: 
Image Metadata:
2024-03-11 11:18:17,674 - INFO:   imageMediaMetadata: {'width': 272, 'height': 153, 'rotation': 0}
2024-03-11 11:18:17,674 - INFO: 
Video Metadata:
2024-03-11 11:20:39,536 - INFO: file_cache is only supported with oauth2client<4.0.0
2024-03-11 11:20:40,959 - INFO: file_cache is only supported with oauth2client<4.0.0
2024-03-11 11:20:41,949 - INFO: file_cache is only supported with oauth2client<4.0.0
2024-03-11 11:20:43,312 - INFO: file_cache is only supported with oauth2client<4.0.0
2024-03-11 11:20:45,622 - INFO: file_cache is only supported with oauth2client<4.0.0
2024-03-11 11:20:47,140 - INFO: file_cache is only supported with oauth2client<4.0.0
2024-03-11 11:20:50,966 - INFO: file_cache is only supported with oauth2client<4.0.0
2024-03-11 11:20:52,903 - INFO: file_cache is only supported with oauth2client<4.0.0
2024-03-11 11:20:55,128 - INFO: file_cache is only supported with oauth2client<4.0.0
2024-03-11 11:20:56,425 - INFO: file_cache is only supported with oauth2client<4.0.0
2024-03-11 11:21:00,142 - INFO: file_cache is only supported with oauth2client<4.0.0
2024-03-11 11:21:01,778 - INFO: file_cache is only supported with oauth2client<4.0.0
2024-03-11 11:21:02,756 - INFO: file_cache is only supported with oauth2client<4.0.0
2024-03-11 11:21:05,017 - INFO: 
Parent Folder ID: 0AB8439MU5HrQUk9PVA
2024-03-11 11:21:05,017 - INFO: 
File Metadata:
2024-03-11 11:21:05,017 - INFO:   kind: drive#file
2024-03-11 11:21:05,017 - INFO:   id: 1yHJ5JmZ7NgWXCnklBd-KacHFNKc_Q8rs
2024-03-11 11:21:05,018 - INFO:   name: download.jpeg
2024-03-11 11:21:05,018 - INFO:   mimeType: image/jpeg
2024-03-11 11:21:05,018 - INFO: 
Link information:
2024-03-11 11:21:05,018 - INFO:   webViewLink: https://drive.google.com/file/d/1yHJ5JmZ7NgWXCnklBd-KacHFNKc_Q8rs/view?usp=drivesdk
2024-03-11 11:21:05,018 - INFO: 
Size information:
2024-03-11 11:21:05,018 - INFO:   size: 6296
2024-03-11 11:21:05,018 - INFO: 
Owner information:
2024-03-11 11:21:05,018 - INFO:   owners: [{'kind': 'drive#user', 'displayName': 'ragul magesh', 'photoLink': 'https://lh3.googleusercontent.com/a/ACg8ocKC3Wenp5DYlhoOQllh2M8y0D5iwu2c9Y13DVa7e0N5=s64', 'me': True, 'permissionId': '15734894857885533027', 'emailAddress': 'ragulmagesh2003@gmail.com'}]
2024-03-11 11:21:05,018 - INFO: 
Sharing information:
2024-03-11 11:21:05,018 - INFO:   shared: False
2024-03-11 11:21:05,018 - INFO: 
Description:
2024-03-11 11:21:05,018 - INFO: 
Image Metadata:
2024-03-11 11:21:05,018 - INFO:   imageMediaMetadata: {'width': 272, 'height': 153, 'rotation': 0}
2024-03-11 11:21:05,018 - INFO: 
Video Metadata:
2024-03-11 11:31:59,303 - INFO: file_cache is only supported with oauth2client<4.0.0
2024-03-11 11:32:02,433 - INFO: file_cache is only supported with oauth2client<4.0.0
2024-03-11 11:32:07,756 - INFO: file_cache is only supported with oauth2client<4.0.0
2024-03-11 11:32:12,769 - INFO: file_cache is only supported with oauth2client<4.0.0
2024-03-11 11:32:16,756 - INFO: file_cache is only supported with oauth2client<4.0.0
2024-03-11 11:32:18,338 - INFO: file_cache is only supported with oauth2client<4.0.0
2024-03-11 11:32:23,070 - INFO: file_cache is only supported with oauth2client<4.0.0
2024-03-11 11:32:28,192 - INFO: file_cache is only supported with oauth2client<4.0.0
2024-03-11 11:32:29,748 - INFO: file_cache is only supported with oauth2client<4.0.0
2024-03-11 11:32:32,247 - INFO: file_cache is only supported with oauth2client<4.0.0
2024-03-11 11:32:32,957 - INFO: file_cache is only supported with oauth2client<4.0.0
2024-03-11 11:32:33,664 - INFO: file_cache is only supported with oauth2client<4.0.0
2024-03-11 11:32:35,504 - INFO: file_cache is only supported with oauth2client<4.0.0
2024-03-11 11:34:15,751 - INFO: file_cache is only supported with oauth2client<4.0.0
2024-03-11 11:34:18,743 - INFO: file_cache is only supported with oauth2client<4.0.0
2024-03-11 11:34:26,944 - INFO: file_cache is only supported with oauth2client<4.0.0
2024-03-11 11:34:28,833 - INFO: file_cache is only supported with oauth2client<4.0.0
2024-03-11 11:34:29,769 - INFO: file_cache is only supported with oauth2client<4.0.0
2024-03-11 11:34:30,849 - INFO: file_cache is only supported with oauth2client<4.0.0
2024-03-11 11:34:32,755 - INFO: file_cache is only supported with oauth2client<4.0.0
2024-03-11 11:34:34,267 - INFO: file_cache is only supported with oauth2client<4.0.0
2024-03-11 11:34:35,170 - INFO: file_cache is only supported with oauth2client<4.0.0
2024-03-11 11:34:36,939 - INFO: file_cache is only supported with oauth2client<4.0.0
2024-03-11 11:34:38,190 - INFO: file_cache is only supported with oauth2client<4.0.0
2024-03-11 11:34:39,097 - INFO: file_cache is only supported with oauth2client<4.0.0
2024-03-11 11:34:40,171 - INFO: file_cache is only supported with oauth2client<4.0.0
2024-03-11 11:37:44,466 - INFO: file_cache is only supported with oauth2client<4.0.0
2024-03-11 11:37:47,848 - INFO: file_cache is only supported with oauth2client<4.0.0
2024-03-11 11:37:48,624 - INFO: file_cache is only supported with oauth2client<4.0.0
2024-03-11 11:37:49,347 - INFO: file_cache is only supported with oauth2client<4.0.0
2024-03-11 11:37:50,290 - INFO: file_cache is only supported with oauth2client<4.0.0
2024-03-11 11:37:51,537 - INFO: file_cache is only supported with oauth2client<4.0.0
2024-03-11 11:37:52,878 - INFO: file_cache is only supported with oauth2client<4.0.0
2024-03-11 11:37:53,609 - INFO: file_cache is only supported with oauth2client<4.0.0
2024-03-11 11:37:54,464 - INFO: file_cache is only supported with oauth2client<4.0.0
2024-03-11 11:37:55,568 - INFO: file_cache is only supported with oauth2client<4.0.0
2024-03-11 11:37:57,418 - INFO: file_cache is only supported with oauth2client<4.0.0
2024-03-11 11:37:58,354 - INFO: file_cache is only supported with oauth2client<4.0.0
2024-03-11 11:37:59,141 - INFO: file_cache is only supported with oauth2client<4.0.0
2024-03-11 11:42:25,720 - INFO: "GET /?state=fwUKcFVkSnvvtLB5YVrz820aH8EDAx&code=4/0AeaYSHBgu5isiqYTbZMYYnqAHWmqRhfXNVWwjICOPybHP0e58IVbmbZ4xphHv2vjz5dG3w&scope=https://www.googleapis.com/auth/drive.metadata.readonly HTTP/1.1" 200 65
2024-03-11 11:42:44,973 - INFO: file_cache is only supported with oauth2client<4.0.0
2024-03-11 11:42:45,880 - INFO: file_cache is only supported with oauth2client<4.0.0
2024-03-11 11:42:46,774 - INFO: file_cache is only supported with oauth2client<4.0.0
2024-03-11 11:42:47,771 - INFO: file_cache is only supported with oauth2client<4.0.0
2024-03-11 11:42:48,615 - INFO: file_cache is only supported with oauth2client<4.0.0
2024-03-11 11:42:49,918 - INFO: file_cache is only supported with oauth2client<4.0.0
2024-03-11 11:42:50,807 - INFO: file_cache is only supported with oauth2client<4.0.0
2024-03-11 11:42:51,585 - INFO: file_cache is only supported with oauth2client<4.0.0
2024-03-11 11:42:52,406 - INFO: file_cache is only supported with oauth2client<4.0.0
2024-03-11 11:42:53,497 - INFO: file_cache is only supported with oauth2client<4.0.0
2024-03-11 11:42:54,279 - INFO: file_cache is only supported with oauth2client<4.0.0
2024-03-11 11:42:55,189 - INFO: file_cache is only supported with oauth2client<4.0.0
2024-03-11 11:46:27,197 - INFO: file_cache is only supported with oauth2client<4.0.0
2024-03-11 11:46:28,977 - INFO: file_cache is only supported with oauth2client<4.0.0
2024-03-11 11:46:30,694 - INFO: file_cache is only supported with oauth2client<4.0.0
2024-03-11 11:46:33,094 - INFO: file_cache is only supported with oauth2client<4.0.0
2024-03-11 11:46:34,600 - INFO: file_cache is only supported with oauth2client<4.0.0
2024-03-11 11:46:36,998 - INFO: file_cache is only supported with oauth2client<4.0.0
2024-03-11 11:46:39,449 - INFO: file_cache is only supported with oauth2client<4.0.0
2024-03-11 11:46:41,150 - INFO: file_cache is only supported with oauth2client<4.0.0
2024-03-11 11:46:42,609 - INFO: file_cache is only supported with oauth2client<4.0.0
2024-03-11 11:46:49,010 - INFO: file_cache is only supported with oauth2client<4.0.0
2024-03-11 11:46:50,676 - INFO: file_cache is only supported with oauth2client<4.0.0
2024-03-11 11:46:52,656 - INFO: file_cache is only supported with oauth2client<4.0.0
2024-03-11 11:48:22,367 - INFO: file_cache is only supported with oauth2client<4.0.0
2024-03-11 11:48:23,635 - INFO: file_cache is only supported with oauth2client<4.0.0
2024-03-11 11:48:24,557 - INFO: file_cache is only supported with oauth2client<4.0.0
2024-03-11 11:48:25,292 - INFO: file_cache is only supported with oauth2client<4.0.0
2024-03-11 11:48:25,991 - INFO: file_cache is only supported with oauth2client<4.0.0
2024-03-11 11:48:26,770 - INFO: file_cache is only supported with oauth2client<4.0.0
2024-03-11 11:48:28,250 - INFO: file_cache is only supported with oauth2client<4.0.0
2024-03-11 11:48:29,619 - INFO: file_cache is only supported with oauth2client<4.0.0
2024-03-11 11:48:30,525 - INFO: file_cache is only supported with oauth2client<4.0.0
2024-03-11 11:48:31,535 - INFO: file_cache is only supported with oauth2client<4.0.0
2024-03-11 11:48:32,525 - INFO: file_cache is only supported with oauth2client<4.0.0
2024-03-11 11:48:33,287 - INFO: file_cache is only supported with oauth2client<4.0.0
2024-03-11 11:48:34,013 - INFO: file_cache is only supported with oauth2client<4.0.0
2024-03-11 11:48:35,531 - WARNING: Encountered 403 Forbidden with reason "appNotAuthorizedToFile"
2024-03-11 11:49:22,815 - INFO: file_cache is only supported with oauth2client<4.0.0
2024-03-11 11:49:24,234 - INFO: file_cache is only supported with oauth2client<4.0.0
2024-03-11 11:49:24,978 - INFO: file_cache is only supported with oauth2client<4.0.0
2024-03-11 11:49:25,742 - INFO: file_cache is only supported with oauth2client<4.0.0
2024-03-11 11:49:26,736 - INFO: file_cache is only supported with oauth2client<4.0.0
2024-03-11 11:49:28,710 - INFO: file_cache is only supported with oauth2client<4.0.0
2024-03-11 11:49:30,268 - INFO: file_cache is only supported with oauth2client<4.0.0
2024-03-11 11:49:31,056 - INFO: file_cache is only supported with oauth2client<4.0.0
2024-03-11 11:49:33,080 - INFO: file_cache is only supported with oauth2client<4.0.0
2024-03-11 11:49:34,917 - INFO: file_cache is only supported with oauth2client<4.0.0
2024-03-11 11:49:35,698 - INFO: file_cache is only supported with oauth2client<4.0.0
2024-03-11 11:49:36,582 - INFO: file_cache is only supported with oauth2client<4.0.0
2024-03-11 11:49:38,757 - INFO: file_cache is only supported with oauth2client<4.0.0
2024-03-11 11:49:40,469 - WARNING: Encountered 403 Forbidden with reason "appNotAuthorizedToFile"
2024-03-11 11:51:16,093 - INFO: file_cache is only supported with oauth2client<4.0.0
2024-03-11 11:51:17,368 - INFO: file_cache is only supported with oauth2client<4.0.0
2024-03-11 11:51:18,721 - INFO: file_cache is only supported with oauth2client<4.0.0
2024-03-11 11:51:20,122 - INFO: file_cache is only supported with oauth2client<4.0.0
2024-03-11 11:51:21,026 - INFO: file_cache is only supported with oauth2client<4.0.0
2024-03-11 11:51:21,917 - INFO: file_cache is only supported with oauth2client<4.0.0
2024-03-11 11:51:22,695 - INFO: file_cache is only supported with oauth2client<4.0.0
2024-03-11 11:51:24,108 - INFO: file_cache is only supported with oauth2client<4.0.0
2024-03-11 11:51:25,253 - INFO: file_cache is only supported with oauth2client<4.0.0
2024-03-11 11:51:26,370 - INFO: file_cache is only supported with oauth2client<4.0.0
2024-03-11 11:51:27,121 - INFO: file_cache is only supported with oauth2client<4.0.0
2024-03-11 11:51:27,982 - INFO: file_cache is only supported with oauth2client<4.0.0
2024-03-11 11:51:29,447 - INFO: file_cache is only supported with oauth2client<4.0.0
2024-03-11 11:51:30,690 - WARNING: Encountered 403 Forbidden with reason "appNotAuthorizedToFile"
2024-03-11 11:53:11,682 - INFO: file_cache is only supported with oauth2client<4.0.0
2024-03-11 11:53:12,679 - INFO: file_cache is only supported with oauth2client<4.0.0
2024-03-11 11:53:13,508 - INFO: file_cache is only supported with oauth2client<4.0.0
2024-03-11 11:53:14,234 - INFO: file_cache is only supported with oauth2client<4.0.0
2024-03-11 11:53:15,650 - INFO: file_cache is only supported with oauth2client<4.0.0
2024-03-11 11:53:16,835 - INFO: file_cache is only supported with oauth2client<4.0.0
2024-03-11 11:53:17,677 - INFO: file_cache is only supported with oauth2client<4.0.0
2024-03-11 11:53:18,488 - INFO: file_cache is only supported with oauth2client<4.0.0
2024-03-11 11:53:19,240 - INFO: file_cache is only supported with oauth2client<4.0.0
2024-03-11 11:53:22,091 - INFO: file_cache is only supported with oauth2client<4.0.0
2024-03-11 11:53:23,005 - INFO: file_cache is only supported with oauth2client<4.0.0
2024-03-11 11:53:24,594 - INFO: file_cache is only supported with oauth2client<4.0.0
2024-03-11 11:53:25,460 - INFO: file_cache is only supported with oauth2client<4.0.0
2024-03-11 11:53:26,669 - WARNING: Encountered 403 Forbidden with reason "appNotAuthorizedToFile"
2024-03-11 11:58:46,860 - INFO: file_cache is only supported with oauth2client<4.0.0
2024-03-11 11:58:47,728 - INFO: file_cache is only supported with oauth2client<4.0.0
2024-03-11 11:58:48,528 - INFO: file_cache is only supported with oauth2client<4.0.0
2024-03-11 11:58:49,305 - INFO: file_cache is only supported with oauth2client<4.0.0
2024-03-11 11:58:50,410 - INFO: file_cache is only supported with oauth2client<4.0.0
2024-03-11 11:58:51,550 - INFO: file_cache is only supported with oauth2client<4.0.0
2024-03-11 11:58:52,557 - INFO: file_cache is only supported with oauth2client<4.0.0
2024-03-11 11:58:53,307 - INFO: file_cache is only supported with oauth2client<4.0.0
2024-03-11 11:58:54,038 - INFO: file_cache is only supported with oauth2client<4.0.0
2024-03-11 11:58:55,066 - INFO: file_cache is only supported with oauth2client<4.0.0
2024-03-11 11:58:56,102 - INFO: file_cache is only supported with oauth2client<4.0.0
2024-03-11 11:58:57,033 - INFO: file_cache is only supported with oauth2client<4.0.0
2024-03-11 11:58:57,791 - INFO: file_cache is only supported with oauth2client<4.0.0
2024-03-11 11:58:58,905 - WARNING: Encountered 403 Forbidden with reason "appNotAuthorizedToFile"
2024-03-11 12:34:31,588 - INFO: file_cache is only supported with oauth2client<4.0.0
2024-03-11 12:34:32,812 - INFO: file_cache is only supported with oauth2client<4.0.0
2024-03-11 12:34:33,780 - INFO: file_cache is only supported with oauth2client<4.0.0
2024-03-11 12:34:34,718 - INFO: file_cache is only supported with oauth2client<4.0.0
2024-03-11 12:34:35,977 - INFO: file_cache is only supported with oauth2client<4.0.0
2024-03-11 12:34:37,350 - INFO: file_cache is only supported with oauth2client<4.0.0
2024-03-11 12:34:38,643 - INFO: file_cache is only supported with oauth2client<4.0.0
2024-03-11 12:34:44,832 - INFO: file_cache is only supported with oauth2client<4.0.0
2024-03-11 12:34:45,714 - INFO: file_cache is only supported with oauth2client<4.0.0
2024-03-11 12:34:47,757 - INFO: file_cache is only supported with oauth2client<4.0.0
2024-03-11 12:34:48,959 - INFO: file_cache is only supported with oauth2client<4.0.0
2024-03-11 12:34:50,034 - INFO: file_cache is only supported with oauth2client<4.0.0
2024-03-11 12:34:51,145 - INFO: file_cache is only supported with oauth2client<4.0.0
2024-03-11 12:34:52,617 - WARNING: Encountered 403 Forbidden with reason "appNotAuthorizedToFile"
2024-03-11 12:40:57,644 - INFO: "GET /?state=tlWb79xz69ys2ZXRbWd7Jo2uqR5bMP&code=4/0AeaYSHAwk6SU4AysVmPs_wfjGg9K-b8GU74Kh89wePn5_Excy919vCH2TCsEMzNCp1olSw&scope=https://www.googleapis.com/auth/drive.metadata.readonly HTTP/1.1" 200 65
2024-03-11 12:41:08,623 - INFO: file_cache is only supported with oauth2client<4.0.0
2024-03-11 12:41:10,171 - INFO: file_cache is only supported with oauth2client<4.0.0
2024-03-11 12:41:11,317 - INFO: file_cache is only supported with oauth2client<4.0.0
2024-03-11 12:41:12,332 - INFO: file_cache is only supported with oauth2client<4.0.0
2024-03-11 12:41:13,817 - INFO: file_cache is only supported with oauth2client<4.0.0
2024-03-11 12:41:14,981 - INFO: file_cache is only supported with oauth2client<4.0.0
2024-03-11 12:41:15,950 - INFO: file_cache is only supported with oauth2client<4.0.0
2024-03-11 12:41:16,965 - INFO: file_cache is only supported with oauth2client<4.0.0
2024-03-11 12:41:18,238 - INFO: file_cache is only supported with oauth2client<4.0.0
2024-03-11 12:41:19,966 - INFO: file_cache is only supported with oauth2client<4.0.0
2024-03-11 12:41:21,160 - INFO: file_cache is only supported with oauth2client<4.0.0
2024-03-11 12:41:22,198 - INFO: file_cache is only supported with oauth2client<4.0.0
2024-03-11 12:41:23,828 - INFO: file_cache is only supported with oauth2client<4.0.0
2024-03-11 12:41:25,231 - WARNING: Encountered 403 Forbidden with reason "appNotAuthorizedToFile"
2024-03-11 12:44:15,242 - INFO: file_cache is only supported with oauth2client<4.0.0
2024-03-11 12:44:16,296 - INFO: file_cache is only supported with oauth2client<4.0.0
2024-03-11 12:44:17,381 - INFO: file_cache is only supported with oauth2client<4.0.0
2024-03-11 12:44:19,362 - INFO: file_cache is only supported with oauth2client<4.0.0
2024-03-11 12:44:20,488 - INFO: file_cache is only supported with oauth2client<4.0.0
2024-03-11 12:44:21,433 - INFO: file_cache is only supported with oauth2client<4.0.0
2024-03-11 12:44:22,453 - INFO: file_cache is only supported with oauth2client<4.0.0
2024-03-11 12:44:23,838 - INFO: file_cache is only supported with oauth2client<4.0.0
2024-03-11 12:44:25,114 - INFO: file_cache is only supported with oauth2client<4.0.0
2024-03-11 12:44:26,224 - INFO: file_cache is only supported with oauth2client<4.0.0
2024-03-11 12:44:27,146 - INFO: file_cache is only supported with oauth2client<4.0.0
2024-03-11 12:44:28,275 - INFO: file_cache is only supported with oauth2client<4.0.0
2024-03-11 12:44:29,559 - INFO: file_cache is only supported with oauth2client<4.0.0
2024-03-11 12:44:31,501 - WARNING: Encountered 403 Forbidden with reason "appNotAuthorizedToFile"
2024-03-11 12:45:04,206 - INFO: file_cache is only supported with oauth2client<4.0.0
2024-03-11 12:45:05,865 - INFO: file_cache is only supported with oauth2client<4.0.0
2024-03-11 12:45:07,288 - INFO: file_cache is only supported with oauth2client<4.0.0
2024-03-11 12:45:08,323 - INFO: file_cache is only supported with oauth2client<4.0.0
2024-03-11 12:45:09,334 - INFO: file_cache is only supported with oauth2client<4.0.0
2024-03-11 12:45:10,445 - INFO: file_cache is only supported with oauth2client<4.0.0
2024-03-11 12:45:11,494 - INFO: file_cache is only supported with oauth2client<4.0.0
2024-03-11 12:45:12,653 - INFO: file_cache is only supported with oauth2client<4.0.0
2024-03-11 12:45:13,634 - INFO: file_cache is only supported with oauth2client<4.0.0
2024-03-11 12:45:14,617 - INFO: file_cache is only supported with oauth2client<4.0.0
2024-03-11 12:45:16,251 - INFO: file_cache is only supported with oauth2client<4.0.0
2024-03-11 12:45:17,626 - INFO: file_cache is only supported with oauth2client<4.0.0
2024-03-11 12:45:18,785 - INFO: file_cache is only supported with oauth2client<4.0.0
2024-03-11 12:45:19,953 - INFO: 
Parent Folder ID: 0AB8439MU5HrQUk9PVA
2024-03-11 12:45:19,954 - INFO: 
File Metadata:
2024-03-11 12:45:19,955 - INFO:   kind: drive#file
2024-03-11 12:45:19,955 - INFO:   id: 1yHJ5JmZ7NgWXCnklBd-KacHFNKc_Q8rs
2024-03-11 12:45:19,955 - INFO:   name: download.jpeg
2024-03-11 12:45:19,955 - INFO:   mimeType: image/jpeg
2024-03-11 12:45:19,955 - INFO: 
Link information:
2024-03-11 12:45:19,955 - INFO:   webViewLink: https://drive.google.com/file/d/1yHJ5JmZ7NgWXCnklBd-KacHFNKc_Q8rs/view?usp=drivesdk
2024-03-11 12:45:19,955 - INFO: 
Size information:
2024-03-11 12:45:19,955 - INFO:   size: 6296
2024-03-11 12:45:19,956 - INFO: 
Owner information:
2024-03-11 12:45:19,956 - INFO:   owners: [{'kind': 'drive#user', 'displayName': 'ragul magesh', 'photoLink': 'https://lh3.googleusercontent.com/a/ACg8ocKC3Wenp5DYlhoOQllh2M8y0D5iwu2c9Y13DVa7e0N5=s64', 'me': True, 'permissionId': '15734894857885533027', 'emailAddress': 'ragulmagesh2003@gmail.com'}]
2024-03-11 12:45:19,956 - INFO: 
Sharing information:
2024-03-11 12:45:19,956 - INFO:   shared: True
2024-03-11 12:45:19,956 - INFO: 
Description:
2024-03-11 12:45:19,956 - INFO: 
Image Metadata:
2024-03-11 12:45:19,956 - INFO:   imageMediaMetadata: {'width': 272, 'height': 153, 'rotation': 0}
2024-03-11 12:45:19,956 - INFO: 
Video Metadata:
2024-03-11 15:19:49,453 - INFO: "GET /?state=muoBqwKg4H2F03GDmITixfpPcAljyH&code=4/0AeaYSHA07PtFTO7wRU2F-r-UaDWV-WZdzR-Yj0F9mzAJFAbhH1eqBovQ3TtjpS5AYgEOlw&scope=https://www.googleapis.com/auth/drive.metadata.readonly HTTP/1.1" 200 65
2024-03-11 15:19:56,979 - INFO: file_cache is only supported with oauth2client<4.0.0
2024-03-11 15:19:58,092 - INFO: file_cache is only supported with oauth2client<4.0.0
2024-03-11 15:20:00,214 - INFO: file_cache is only supported with oauth2client<4.0.0
2024-03-11 15:20:01,433 - INFO: file_cache is only supported with oauth2client<4.0.0
2024-03-11 15:20:02,552 - INFO: file_cache is only supported with oauth2client<4.0.0
2024-03-11 15:20:03,960 - INFO: file_cache is only supported with oauth2client<4.0.0
2024-03-11 15:20:05,145 - INFO: file_cache is only supported with oauth2client<4.0.0
2024-03-11 15:20:06,196 - INFO: file_cache is only supported with oauth2client<4.0.0
2024-03-11 15:20:07,288 - INFO: file_cache is only supported with oauth2client<4.0.0
2024-03-11 15:20:08,377 - INFO: file_cache is only supported with oauth2client<4.0.0
2024-03-11 15:20:09,721 - INFO: file_cache is only supported with oauth2client<4.0.0
2024-03-11 15:20:10,885 - INFO: file_cache is only supported with oauth2client<4.0.0
2024-03-11 15:20:12,105 - INFO: file_cache is only supported with oauth2client<4.0.0
2024-03-11 15:20:13,180 - INFO: 
Parent Folder ID: 0AB8439MU5HrQUk9PVA
2024-03-11 15:20:13,180 - INFO: 
File Metadata:
2024-03-11 15:20:13,181 - INFO:   kind: drive#file
2024-03-11 15:20:13,181 - INFO:   id: 1yHJ5JmZ7NgWXCnklBd-KacHFNKc_Q8rs
2024-03-11 15:20:13,181 - INFO:   name: download.jpeg
2024-03-11 15:20:13,181 - INFO:   mimeType: image/jpeg
2024-03-11 15:20:13,181 - INFO: 
Link information:
2024-03-11 15:20:13,181 - INFO:   webViewLink: https://drive.google.com/file/d/1yHJ5JmZ7NgWXCnklBd-KacHFNKc_Q8rs/view?usp=drivesdk
2024-03-11 15:20:13,181 - INFO: 
Size information:
2024-03-11 15:20:13,181 - INFO:   size: 6296
2024-03-11 15:20:13,181 - INFO: 
Owner information:
2024-03-11 15:20:13,181 - INFO:   owners: [{'kind': 'drive#user', 'displayName': 'ragul magesh', 'photoLink': 'https://lh3.googleusercontent.com/a/ACg8ocKC3Wenp5DYlhoOQllh2M8y0D5iwu2c9Y13DVa7e0N5=s64', 'me': True, 'permissionId': '15734894857885533027', 'emailAddress': 'ragulmagesh2003@gmail.com'}]
2024-03-11 15:20:13,181 - INFO: 
Sharing information:
2024-03-11 15:20:13,181 - INFO:   shared: True
2024-03-11 15:20:13,182 - INFO: 
Description:
2024-03-11 15:20:13,182 - INFO: 
Image Metadata:
2024-03-11 15:20:13,182 - INFO:   imageMediaMetadata: {'width': 272, 'height': 153, 'rotation': 0}
2024-03-11 15:20:13,182 - INFO: 
Video Metadata:
